<?xml version="1.0" encoding="UTF-8"?>
<!-- Generated by org.testng.reporters.JUnitReportReporter -->
<testsuite skipped="0" hostname="IBM-Testing01" name="sign_up_invalid" tests="1" failures="0" timestamp="28 Dec 2019 03:33:01 GMT" time="16.876" errors="0">
  <testcase name="signupinvalid" time="16.876" classname="sign_up_invalid"/>
</testsuite> <!-- sign_up_invalid -->
