<?xml version="1.0" encoding="UTF-8"?>
<!-- Generated by org.testng.reporters.JUnitReportReporter -->
<testsuite skipped="0" hostname="IBM-Testing01" name="test1" tests="1" failures="0" timestamp="27 Dec 2019 09:41:16 GMT" time="20.143" errors="0">
  <testcase name="f" time="20.143" classname="test1"/>
</testsuite> <!-- test1 -->
